2015-08-04-11-25-28 Europe/Berlin - exception 'PDOException' with message 'SQLSTATE[42S22]: Column not found: 1054 Unknown column 'name' in 'field list'' in /opt/lampp/htdocs/Stage_4A/www_backup/class.rooms.php:338
Stack trace:
#0 /opt/lampp/htdocs/Stage_4A/www_backup/class.rooms.php(338): PDOStatement->execute(Array)
#1 /opt/lampp/htdocs/Stage_4A/www_backup/manage_rooms.php(120): Room->retrieveShortNames(Object(PDO))
#2 {main}
2015-08-04-11-52-18 Europe/Berlin - exception 'PDOException' with message 'SQLSTATE[HY000] [1045] Access denied for user 'root'@'localhost' (using password: YES)' in /opt/lampp/htdocs/Stage_4A/www_backup/mysql_connect.php:5
Stack trace:
#0 /opt/lampp/htdocs/Stage_4A/www_backup/mysql_connect.php(5): PDO->__construct('mysql:host=loca...', 'root', 'aaa')
#1 /opt/lampp/htdocs/Stage_4A/www_backup/session.php(3): require('/opt/lampp/htdo...')
#2 /opt/lampp/htdocs/Stage_4A/www_backup/user_logs.php(1): require('/opt/lampp/htdo...')
#3 {main}
2015-08-04-12-00-29 Europe/Berlin - exception 'PDOException' with message 'SQLSTATE[HY000] [1045] Access denied for user 'root'@'localhost' (using password: YES)' in /opt/lampp/htdocs/Stage_4A/www_backup/mysql_connect.php:5
Stack trace:
#0 /opt/lampp/htdocs/Stage_4A/www_backup/mysql_connect.php(5): PDO->__construct('mysql:host=loca...', 'root', 'aaa')
#1 /opt/lampp/htdocs/Stage_4A/www_backup/session.php(3): require('/opt/lampp/htdo...')
#2 /opt/lampp/htdocs/Stage_4A/www_backup/error_logs.php(1): require('/opt/lampp/htdo...')
#3 {main}

2015-08-04-12-00-47 Europe/Berlin - exception 'PDOException' with message 'SQLSTATE[HY000] [1045] Access denied for user 'root'@'localhost' (using password: YES)' in /opt/lampp/htdocs/Stage_4A/www_backup/mysql_connect.php:5
Stack trace:
#0 /opt/lampp/htdocs/Stage_4A/www_backup/mysql_connect.php(5): PDO->__construct('mysql:host=loca...', 'root', 'aaa')
#1 /opt/lampp/htdocs/Stage_4A/www_backup/session.php(3): require('/opt/lampp/htdo...')
#2 /opt/lampp/htdocs/Stage_4A/www_backup/error_logs.php(1): require('/opt/lampp/htdo...')
#3 {main}

2015-08-04-12-00-48 Europe/Berlin - exception 'PDOException' with message 'SQLSTATE[HY000] [1045] Access denied for user 'root'@'localhost' (using password: YES)' in /opt/lampp/htdocs/Stage_4A/www_backup/mysql_connect.php:5
Stack trace:
#0 /opt/lampp/htdocs/Stage_4A/www_backup/mysql_connect.php(5): PDO->__construct('mysql:host=loca...', 'root', 'aaa')
#1 /opt/lampp/htdocs/Stage_4A/www_backup/session.php(3): require('/opt/lampp/htdo...')
#2 /opt/lampp/htdocs/Stage_4A/www_backup/error_logs.php(1): require('/opt/lampp/htdo...')
#3 {main}

2015-08-04-12-00-49 Europe/Berlin - exception 'PDOException' with message 'SQLSTATE[HY000] [1045] Access denied for user 'root'@'localhost' (using password: YES)' in /opt/lampp/htdocs/Stage_4A/www_backup/mysql_connect.php:5
Stack trace:
#0 /opt/lampp/htdocs/Stage_4A/www_backup/mysql_connect.php(5): PDO->__construct('mysql:host=loca...', 'root', 'aaa')
#1 /opt/lampp/htdocs/Stage_4A/www_backup/session.php(3): require('/opt/lampp/htdo...')
#2 /opt/lampp/htdocs/Stage_4A/www_backup/error_logs.php(1): require('/opt/lampp/htdo...')
#3 {main}

2015-08-04-12-00-49 Europe/Berlin - exception 'PDOException' with message 'SQLSTATE[HY000] [1045] Access denied for user 'root'@'localhost' (using password: YES)' in /opt/lampp/htdocs/Stage_4A/www_backup/mysql_connect.php:5
Stack trace:
#0 /opt/lampp/htdocs/Stage_4A/www_backup/mysql_connect.php(5): PDO->__construct('mysql:host=loca...', 'root', 'aaa')
#1 /opt/lampp/htdocs/Stage_4A/www_backup/session.php(3): require('/opt/lampp/htdo...')
#2 /opt/lampp/htdocs/Stage_4A/www_backup/error_logs.php(1): require('/opt/lampp/htdo...')
#3 {main}

