2015-08-12-10-53-52 Europe/Berlin - exception 'PDOException' with message 'SQLSTATE[42000]: Syntax error or access violation: 1064 You have an error in your SQL syntax; check the manual that corresponds to your MySQL server version for the right syntax to use near 'WHERE archives_room_date LIKE '2015-07-01%'' at line 1' in /opt/lampp/htdocs/Stage_4A/www/data.php:105
Stack trace:
#0 /opt/lampp/htdocs/Stage_4A/www/data.php(105): PDOStatement->execute(Array)
#1 {main}

2015-08-12-11-02-07 Europe/Berlin - exception 'PDOException' with message 'SQLSTATE[HY093]: Invalid parameter number: number of bound variables does not match number of tokens' in /opt/lampp/htdocs/Stage_4A/www/archivages/archivage.php:24
Stack trace:
#0 /opt/lampp/htdocs/Stage_4A/www/archivages/archivage.php(24): PDOStatement->execute(Array)
#1 {main}
2015-08-12-11-07-11 Europe/Berlin - exception 'PDOException' with message 'SQLSTATE[42S22]: Column not found: 1054 Unknown column 'archives_room_nbr_baies_total' in 'field list'' in /opt/lampp/htdocs/Stage_4A/www/render_graph/tbipi_graph_render.php:17
Stack trace:
#0 /opt/lampp/htdocs/Stage_4A/www/render_graph/tbipi_graph_render.php(17): PDOStatement->execute(Array)
#1 /opt/lampp/htdocs/Stage_4A/www/histographe.php(81): require('/opt/lampp/htdo...')
#2 {main}

2015-08-12-13-56-09 Europe/Berlin - exception 'PDOException' with message 'SQLSTATE[HY000] [2002] Can't connect to local MySQL server through socket '/var/run/mysqld/mysqld.sock' (2)' in /opt/lampp/htdocs/Stage_4A/www/archivages/archivage.php:8
Stack trace:
#0 /opt/lampp/htdocs/Stage_4A/www/archivages/archivage.php(8): PDO->__construct('mysql:host=loca...', 'root', '')
#1 {main}
2015-08-12-14-02-28 Europe/Berlin - exception 'PDOException' with message 'SQLSTATE[HY000] [2002] Can't connect to local MySQL server through socket '/var/run/mysqld/mysqld.sock' (2)' in /opt/lampp/htdocs/Stage_4A/www/archivages/archivage.php:8
Stack trace:
#0 /opt/lampp/htdocs/Stage_4A/www/archivages/archivage.php(8): PDO->__construct('mysql:host=loca...', 'root', '')
#1 {main}
2015-08-12-14-04-30 Europe/Berlin - exception 'PDOException' with message 'SQLSTATE[HY000] [2002] Can't connect to local MySQL server through socket '/var/run/mysqld/mysqld.sock' (2)' in /opt/lampp/htdocs/Stage_4A/www/archivages/archivage.php:8
Stack trace:
#0 /opt/lampp/htdocs/Stage_4A/www/archivages/archivage.php(8): PDO->__construct('mysql:host=loca...', 'root', '')
#1 {main}
2015-08-12-14-15-56 Europe/Berlin - exception 'PDOException' with message 'SQLSTATE[HY000] [2002] Can't connect to local MySQL server through socket '/var/run/mysqld/mysqld.sock' (2)' in /opt/lampp/htdocs/Stage_4A/www/archivages/archivage.php:8
Stack trace:
#0 /opt/lampp/htdocs/Stage_4A/www/archivages/archivage.php(8): PDO->__construct('mysql:host=loca...', 'root', '')
#1 {main}
2015-08-12-14-17-31 Europe/Berlin - exception 'PDOException' with message 'SQLSTATE[HY000] [2002] Can't connect to local MySQL server through socket '/var/run/mysqld/mysqld.sock' (2)' in /opt/lampp/htdocs/Stage_4A/www/archivages/archivage.php:8
Stack trace:
#0 /opt/lampp/htdocs/Stage_4A/www/archivages/archivage.php(8): PDO->__construct('mysql:host=loca...', 'root', '')
#1 {main}
2015-08-12-14-35-01 Europe/Berlin - exception 'PDOException' with message 'SQLSTATE[HY000] [2002] Can't connect to local MySQL server through socket '/var/run/mysqld/mysqld.sock' (2)' in /opt/lampp/htdocs/Stage_4A/www/archivages/archivage.php:8
Stack trace:
#0 /opt/lampp/htdocs/Stage_4A/www/archivages/archivage.php(8): PDO->__construct('mysql:host=loca...', 'root', '')
#1 {main}
2015-08-12-14-36-01 Europe/Berlin - exception 'PDOException' with message 'SQLSTATE[HY000] [2002] Can't connect to local MySQL server through socket '/var/run/mysqld/mysqld.sock' (2)' in /opt/lampp/htdocs/Stage_4A/www/archivages/archivage.php:8
Stack trace:
#0 /opt/lampp/htdocs/Stage_4A/www/archivages/archivage.php(8): PDO->__construct('mysql:host=loca...', 'root', '')
#1 {main}
2015-08-12-14-37-01 Europe/Berlin - exception 'PDOException' with message 'SQLSTATE[HY000] [2002] Can't connect to local MySQL server through socket '/var/run/mysqld/mysqld.sock' (2)' in /opt/lampp/htdocs/Stage_4A/www/archivages/archivage.php:8
Stack trace:
#0 /opt/lampp/htdocs/Stage_4A/www/archivages/archivage.php(8): PDO->__construct('mysql:host=loca...', 'root', '')
#1 {main}
2015-08-12-14-44-19 Europe/Berlin - exception 'PDOException' with message 'SQLSTATE[HY000] [2002] Can't connect to local MySQL server through socket '/var/run/mysqld/mysqld.sock' (2)' in /opt/lampp/htdocs/Stage_4A/www/archivages/archivage.php:8
Stack trace:
#0 /opt/lampp/htdocs/Stage_4A/www/archivages/archivage.php(8): PDO->__construct('mysql:host=loca...', 'root', '')
#1 {main}
2015-08-12-14-45-01 Europe/Berlin - exception 'PDOException' with message 'SQLSTATE[HY000] [2002] Can't connect to local MySQL server through socket '/var/run/mysqld/mysqld.sock' (2)' in /opt/lampp/htdocs/Stage_4A/www/archivages/archivage.php:8
Stack trace:
#0 /opt/lampp/htdocs/Stage_4A/www/archivages/archivage.php(8): PDO->__construct('mysql:host=loca...', 'root', '')
#1 {main}
